
                                      ARENA Simulation Results
                           espinozaagustin42@gmail.com - License: STUDENT

                                  Summary for Replication 1 of 1

Project: Unnamed Project                                             Run execution date : 5/ 5/2023
Analyst: espinozaagustin42@gmail.com                                 Model revision date: 5/ 5/2023

Replication ended at time      : 510.0 Minutes 
Base Time Units: Minutes

                                           TALLY VARIABLES

Identifier                                  Average   Half Width  Minimum    Maximum   Observations
___________________________________________________________________________________________________

Hair Coloring Service Time                  254.83     (Insuf)    28.615     507.92         50    
Mens Haircut Service Time                   191.78     (Insuf)    16.172     507.92         50    
Hair Extension Service Time                 231.92     (Insuf)    24.525     456.40         50    
Womens Haircut Service Time                 205.92     (Insuf)    19.702     507.92         50    
Mens Haircut Client.VATime                  16.758     (Insuf)    13.104     20.428         17    
Mens Haircut Client.NVATime                 .00000     (Insuf)    .00000     .00000         17    
Mens Haircut Client.WaitTime                .50380     (Insuf)    .00000     7.8268         17    
Mens Haircut Client.TranTime                4.0000     (Insuf)    4.0000     4.0000         17    
Mens Haircut Client.OtherTime               .00000     (Insuf)    .00000     .00000         17    
Mens Haircut Client.TotalTime               21.262     (Insuf)    17.104     29.618         17    
Hair Coloring Client.VATime                 31.435     (Insuf)    26.288     34.948          7    
Hair Coloring Client.NVATime                .00000     (Insuf)    .00000     .00000          7    
Hair Coloring Client.WaitTime               .49981     (Insuf)    .00000     3.4986          7    
Hair Coloring Client.TranTime               6.0000     (Insuf)    6.0000     6.0000          7    
Hair Coloring Client.OtherTime              .00000     (Insuf)    .00000     .00000          7    
Hair Coloring Client.TotalTime              37.935     (Insuf)    32.288     41.877          7    
Hair Extension Client.VATime                26.707     (Insuf)    21.551     33.644          7    
Hair Extension Client.NVATime               .00000     (Insuf)    .00000     .00000          7    
Hair Extension Client.WaitTime              5.7970     (Insuf)    .00000     32.686          7    
Hair Extension Client.TranTime              4.0000     (Insuf)    4.0000     4.0000          7    
Hair Extension Client.OtherTime             .00000     (Insuf)    .00000     .00000          7    
Hair Extension Client.TotalTime             36.504     (Insuf)    25.551     63.221          7    
Womens Haircut Client.VATime                21.630     (Insuf)    13.769     30.537         19    
Womens Haircut Client.NVATime               .00000     (Insuf)    .00000     .00000         19    
Womens Haircut Client.WaitTime              24.885     (Insuf)    .00000     58.477         19    
Womens Haircut Client.TranTime              4.0000     (Insuf)    4.0000     4.0000         19    
Womens Haircut Client.OtherTime             .00000     (Insuf)    .00000     .00000         19    
Womens Haircut Client.TotalTime             50.516     (Insuf)    20.789     82.774         19    
Clients.VATime                                  --         --         --         --          0
Clients.NVATime                                 --         --         --         --          0
Clients.WaitTime                                --         --         --         --          0
Clients.TranTime                                --         --         --         --          0
Clients.OtherTime                               --         --         --         --          0
Clients.TotalTime                               --         --         --         --          0
Hair Coloring Process.Queue.WaitingTime     .00000     (Insuf)    .00000     .00000          7    
Check In Process Time.Queue.WaitingTime     .04356     (Insuf)    .00000     .73774         50    
Hair Washing Process.Queue.WaitingTime      .49981     (Insuf)    .00000     3.4986          7    
Womens Haircut Process.Queue.WaitingTime    24.847     (Insuf)    .00000     58.477         19    
Mens Haircut Process.Queue.WaitingTime      .46040     (Insuf)    .00000     7.8268         17    
Hair Extension Process.Queue.WaitingTime    5.6949     (Insuf)    .00000     32.145          7    

                                     DISCRETE-CHANGE VARIABLES

Identifier                                  Average   Half Width  Minimum    Maximum   Final Value
___________________________________________________________________________________________________

Mens Haircut Client.WIP                     .70874     (Insuf)    .00000     3.0000     .00000    
Hair Coloring Client.WIP                    .52068     (Insuf)    .00000     2.0000     .00000    
Hair Extension Client.WIP                   .50104     (Insuf)    .00000     2.0000     .00000    
Womens Haircut Client.WIP                   1.8819     (Insuf)    .00000     5.0000     .00000    
Clients.WIP                                 .00000     (Insuf)    .00000     1.0000     .00000    
Haircoloring Stylist.NumberBusy             .28663     (Insuf)    .00000     2.0000     .00000    
Haircoloring Stylist.NumberScheduled        2.0000     (Insuf)    2.0000     2.0000     2.0000    
Haircoloring Stylist.Utilization            .14331     (Insuf)    .00000     1.0000     .00000    
Hair Extension Stylist.NumberBusy           .35359     (Insuf)    .00000     1.0000     .00000    
Hair Extension Stylist.NumberScheduled      1.0000     (Insuf)    1.0000     1.0000     1.0000    
Hair Extension Stylist.Utilization          .35359     (Insuf)    .00000     1.0000     .00000    
Check In Time.NumberBusy                    .09866     (Insuf)    .00000     1.0000     .00000    
Check In Time.NumberScheduled               1.0000     (Insuf)    1.0000     1.0000     1.0000    
Check In Time.Utilization                   .09866     (Insuf)    .00000     1.0000     .00000    
Womens Hair Stylist.NumberBusy              .76734     (Insuf)    .00000     1.0000     .00000    
Womens Hair Stylist.NumberScheduled         1.0000     (Insuf)    1.0000     1.0000     1.0000    
Womens Hair Stylist.Utilization             .76734     (Insuf)    .00000     1.0000     .00000    
Hairwashing Stylist.NumberBusy              .13099     (Insuf)    .00000     1.0000     .00000    
Hairwashing Stylist.NumberScheduled         1.0000     (Insuf)    1.0000     1.0000     1.0000    
Hairwashing Stylist.Utilization             .13099     (Insuf)    .00000     1.0000     .00000    
Mens Hair Stylist.NumberBusy                .52530     (Insuf)    .00000     2.0000     .00000    
Mens Hair Stylist.NumberScheduled           2.0000     (Insuf)    2.0000     2.0000     2.0000    
Mens Hair Stylist.Utilization               .26265     (Insuf)    .00000     1.0000     .00000    
Hair Coloring Process.Queue.NumberInQueue   .00000     (Insuf)    .00000     .00000     .00000    
Check In Process Time.Queue.NumberInQueue   .00427     (Insuf)    .00000     1.0000     .00000    
Hair Washing Process.Queue.NumberInQueue    .00686     (Insuf)    .00000     1.0000     .00000    
Womens Haircut Process.Queue.NumberInQueue  .92568     (Insuf)    .00000     3.0000     .00000    
Mens Haircut Process.Queue.NumberInQueue    .01535     (Insuf)    .00000     1.0000     .00000    
Hair Extension Process.Queue.NumberInQueue  .07817     (Insuf)    .00000     1.0000     .00000    

                                             OUTPUTS

Identifier                                   Value
_____________________________________________________________

Mens Haircut Client.NumberIn                17.000    
Mens Haircut Client.NumberOut               17.000    
Hair Coloring Client.NumberIn               7.0000    
Hair Coloring Client.NumberOut              7.0000    
Hair Extension Client.NumberIn              7.0000    
Hair Extension Client.NumberOut             7.0000    
Womens Haircut Client.NumberIn              19.000    
Womens Haircut Client.NumberOut             19.000    
Clients.NumberIn                            50.000    
Clients.NumberOut                           50.000    
Haircoloring Stylist.NumberSeized           7.0000    
Haircoloring Stylist.ScheduledUtilization   .14331    
Hair Extension Stylist.NumberSeized         7.0000    
Hair Extension Stylist.ScheduledUtilizatio  .35359    
Check In Time.NumberSeized                  50.000    
Check In Time.ScheduledUtilization          .09866    
Womens Hair Stylist.NumberSeized            19.000    
Womens Hair Stylist.ScheduledUtilization    .76734    
Hairwashing Stylist.NumberSeized            7.0000    
Hairwashing Stylist.ScheduledUtilization    .13099    
Mens Hair Stylist.NumberSeized              17.000    
Mens Hair Stylist.ScheduledUtilization      .26265    
System.NumberOut                            50.000    


Simulation run time: 0.00 minutes.
Simulation run complete.
